✔ backend                            Built                                                                                                            0.0s
 ✔ client-portal                      Built                                                                                                            0.0s
 ✔ frontend                           Built                                                                                                            0.0s
 ✔ workers                            Built                                                                                                            0.0s
 ✔ Container compose-grafana-1        Running                                                                                                          0.0s
 ✔ Container compose-prometheus-1     Running                                                                                                          0.0s
 ✔ Container compose-frontend-1       Running                                                                                                          0.0s
 ✔ Container compose-redis-1          Running                                                                                                          0.0s
 ✔ Container compose-kafka-1          Running                                                                                                          0.0s
 ✔ Container compose-zookeeper-1      Running                                                                                                          0.0s
 ✔ Container compose-backend-1        Recreated                                                                                                        5.5s
 ✔ Container compose-postgres-1       Healthy                                                                                                         21.6s
 ✘ Container keycloak                 Error                                                                                                          166.6s
 ✔ Container compose-client-portal-1  Created                                                                                                          2.0s
 ✔ Container compose-workers-1        Created                                                                                                          0.0s
dependency failed to start: container keycloak is unhealthy

 docker ps
CONTAINER ID   IMAGE                              COMMAND                  CREATED          STATUS                      PORTS                                    NAMES
1b689594258a   postgres:16-alpine                 "docker-entrypoint.s…"   12 minutes ago   Up 12 minutes (healthy)     5432/tcp                                 compose-postgres-1
374e9ed5efb4   quay.io/keycloak/keycloak:22.0.1   "/opt/keycloak/bin/k…"   12 minutes ago   Up 12 minutes (unhealthy)   8443/tcp, 0.0.0.0:8081->8080/tcp         keycloak

 docker logs 374e9ed5efb4
Updating the configuration and installing your custom providers, if any. Please wait.
2025-09-01 14:14:52,672 INFO  [io.quarkus.deployment.QuarkusAugmentor] (main) Quarkus augmentation completed in 36075ms
2025-09-01 14:14:57,798 INFO  [org.keycloak.quarkus.runtime.hostname.DefaultHostnameProvider] (main) Hostname settings: Base URL: <unset>, Hostname: <request>, Strict HTTPS: false, Path: <request>, Strict BackChannel: false, Admin URL: <unset>, Admin: <request>, Port: -1, Proxied: false
2025-09-01 14:15:06,162 WARN  [io.quarkus.agroal.runtime.DataSources] (main) Datasource <default> enables XA but transaction recovery is not enabled. Please enable transaction recovery by setting quarkus.transaction-manager.enable-recovery=true, otherwise data may be lost if the application is terminated abruptly
2025-09-01 14:15:11,575 WARN  [org.infinispan.PERSISTENCE] (keycloak-cache-init) ISPN000554: jboss-marshalling is deprecated and planned for removal
2025-09-01 14:15:12,145 INFO  [org.infinispan.CONTAINER] (keycloak-cache-init) ISPN000556: Starting user marshaller 'org.infinispan.jboss.marshalling.core.JBossUserMarshaller'
2025-09-01 14:15:14,566 INFO  [org.keycloak.broker.provider.AbstractIdentityProviderMapper] (main) Registering class org.keycloak.broker.provider.mappersync.ConfigSyncEventListener
2025-09-01 14:15:19,297 INFO  [org.keycloak.quarkus.runtime.storage.legacy.liquibase.QuarkusJpaUpdaterProvider] (main) Initializing database schema. Using changelog META-INF/jpa-changelog-master.xml
2025-09-01 14:15:28,616 INFO  [org.keycloak.connections.infinispan.DefaultInfinispanConnectionProviderFactory] (main) Node name: node_834988, Site name: null
2025-09-01 14:15:29,042 INFO  [org.keycloak.services] (main) KC-SERVICES0050: Initializing master realm
2025-09-01 14:15:39,246 INFO  [io.quarkus] (main) Keycloak 22.0.1 on JVM (powered by Quarkus 3.2.0.Final) started in 46.163s. Listening on: http://0.0.0.0:8080
2025-09-01 14:15:39,249 INFO  [io.quarkus] (main) Profile dev activated.
2025-09-01 14:15:39,249 INFO  [io.quarkus] (main) Installed features: [agroal, cdi, hibernate-orm, jdbc-h2, jdbc-mariadb, jdbc-mssql, jdbc-mysql, jdbc-oracle, jdbc-postgresql, keycloak, logging-gelf, micrometer, narayana-jta, reactive-routes, resteasy, resteasy-jackson, smallrye-context-propagation, smallrye-health, vertx]
2025-09-01 14:15:39,997 INFO  [org.keycloak.services] (main) KC-SERVICES0009: Added user 'admin' to realm 'master'
2025-09-01 14:15:40,006 WARN  [org.keycloak.quarkus.runtime.KeycloakMain] (main) Running the server in development mode. DO NOT use this configuration in production.